[0.128s] DEBUG:colcon:Command line arguments: ['/usr/bin/colcon', 'build']
[0.128s] DEBUG:colcon:Parsed command line arguments: Namespace(log_base=None, log_level=None, verb_name='build', build_base='build', install_base='install', merge_install=False, symlink_install=False, test_result_base=None, continue_on_error=False, executor='parallel', parallel_workers=16, event_handlers=None, ignore_user_meta=False, metas=['./colcon.meta'], base_paths=['.'], packages_ignore=None, packages_ignore_regex=None, paths=None, packages_up_to=None, packages_up_to_regex=None, packages_above=None, packages_above_and_dependencies=None, packages_above_depth=None, packages_select_by_dep=None, packages_skip_by_dep=None, packages_skip_up_to=None, packages_select_build_failed=False, packages_skip_build_finished=False, packages_select_test_failures=False, packages_skip_test_passed=False, packages_select=None, packages_skip=None, packages_select_regex=None, packages_skip_regex=None, packages_start=None, packages_end=None, allow_overriding=[], cmake_args=None, cmake_target=None, cmake_target_skip_unavailable=False, cmake_clean_cache=False, cmake_clean_first=False, cmake_force_configure=False, ament_cmake_args=None, catkin_cmake_args=None, catkin_skip_building_tests=False, verb_parser=<colcon_defaults.argument_parser.defaults.DefaultArgumentsDecorator object at 0x7c3593c51b10>, verb_extension=<colcon_core.verb.build.BuildVerb object at 0x7c3593c534c0>, main=<bound method BuildVerb.main of <colcon_core.verb.build.BuildVerb object at 0x7c3593c534c0>>)
[0.272s] Level 1:colcon.colcon_core.package_discovery:discover_packages(colcon_meta) check parameters
[0.272s] Level 1:colcon.colcon_core.package_discovery:discover_packages(recursive) check parameters
[0.272s] Level 1:colcon.colcon_core.package_discovery:discover_packages(ignore) check parameters
[0.272s] Level 1:colcon.colcon_core.package_discovery:discover_packages(path) check parameters
[0.272s] Level 1:colcon.colcon_core.package_discovery:discover_packages(colcon_meta) discover
[0.273s] Level 1:colcon.colcon_core.package_discovery:discover_packages(recursive) discover
[0.273s] INFO:colcon.colcon_core.package_discovery:Crawling recursively for packages in '/home/gerardo/ros2_ws/src/aruco_orientation'
[0.273s] Level 1:colcon.colcon_core.package_identification:_identify(.) by extensions ['ignore', 'ignore_ament_install']
[0.273s] Level 1:colcon.colcon_core.package_identification:_identify(.) by extension 'ignore'
[0.273s] Level 1:colcon.colcon_core.package_identification:_identify(.) by extension 'ignore_ament_install'
[0.273s] Level 1:colcon.colcon_core.package_identification:_identify(.) by extensions ['colcon_pkg']
[0.273s] Level 1:colcon.colcon_core.package_identification:_identify(.) by extension 'colcon_pkg'
[0.273s] Level 1:colcon.colcon_core.package_identification:_identify(.) by extensions ['colcon_meta']
[0.273s] Level 1:colcon.colcon_core.package_identification:_identify(.) by extension 'colcon_meta'
[0.273s] Level 1:colcon.colcon_core.package_identification:_identify(.) by extensions ['ros']
[0.273s] Level 1:colcon.colcon_core.package_identification:_identify(.) by extension 'ros'
[0.288s] DEBUG:colcon.colcon_core.package_identification:Package '.' with type 'ros.ament_python' and name 'aruco_orientation'
[0.288s] Level 1:colcon.colcon_core.package_discovery:discover_packages(recursive) using defaults
[0.288s] Level 1:colcon.colcon_core.package_discovery:discover_packages(ignore) discover
[0.288s] Level 1:colcon.colcon_core.package_discovery:discover_packages(ignore) using defaults
[0.288s] Level 1:colcon.colcon_core.package_discovery:discover_packages(path) discover
[0.288s] Level 1:colcon.colcon_core.package_discovery:discover_packages(path) using defaults
[0.312s] Level 1:colcon.colcon_core.package_discovery:discover_packages(prefix_path) check parameters
[0.312s] Level 1:colcon.colcon_core.package_discovery:discover_packages(prefix_path) discover
[0.314s] DEBUG:colcon.colcon_installed_package_information.package_discovery:Found 1 installed packages in /home/gerardo/ros2_ws/install
[0.315s] DEBUG:colcon.colcon_installed_package_information.package_discovery:Found 376 installed packages in /opt/ros/humble
[0.316s] Level 1:colcon.colcon_core.package_discovery:discover_packages(prefix_path) using defaults
[0.355s] Level 5:colcon.colcon_core.verb:set package 'aruco_orientation' build argument 'cmake_args' from command line to 'None'
[0.355s] Level 5:colcon.colcon_core.verb:set package 'aruco_orientation' build argument 'cmake_target' from command line to 'None'
[0.355s] Level 5:colcon.colcon_core.verb:set package 'aruco_orientation' build argument 'cmake_target_skip_unavailable' from command line to 'False'
[0.355s] Level 5:colcon.colcon_core.verb:set package 'aruco_orientation' build argument 'cmake_clean_cache' from command line to 'False'
[0.355s] Level 5:colcon.colcon_core.verb:set package 'aruco_orientation' build argument 'cmake_clean_first' from command line to 'False'
[0.355s] Level 5:colcon.colcon_core.verb:set package 'aruco_orientation' build argument 'cmake_force_configure' from command line to 'False'
[0.355s] Level 5:colcon.colcon_core.verb:set package 'aruco_orientation' build argument 'ament_cmake_args' from command line to 'None'
[0.355s] Level 5:colcon.colcon_core.verb:set package 'aruco_orientation' build argument 'catkin_cmake_args' from command line to 'None'
[0.355s] Level 5:colcon.colcon_core.verb:set package 'aruco_orientation' build argument 'catkin_skip_building_tests' from command line to 'False'
[0.355s] DEBUG:colcon.colcon_core.verb:Building package 'aruco_orientation' with the following arguments: {'ament_cmake_args': None, 'build_base': '/home/gerardo/ros2_ws/src/aruco_orientation/build/aruco_orientation', 'catkin_cmake_args': None, 'catkin_skip_building_tests': False, 'cmake_args': None, 'cmake_clean_cache': False, 'cmake_clean_first': False, 'cmake_force_configure': False, 'cmake_target': None, 'cmake_target_skip_unavailable': False, 'install_base': '/home/gerardo/ros2_ws/src/aruco_orientation/install/aruco_orientation', 'merge_install': False, 'path': '/home/gerardo/ros2_ws/src/aruco_orientation', 'symlink_install': False, 'test_result_base': None}
[0.356s] INFO:colcon.colcon_core.executor:Executing jobs using 'parallel' executor
[0.357s] DEBUG:colcon.colcon_parallel_executor.executor.parallel:run_until_complete
[0.357s] INFO:colcon.colcon_ros.task.ament_python.build:Building ROS package in '/home/gerardo/ros2_ws/src/aruco_orientation' with build type 'ament_python'
[0.357s] Level 1:colcon.colcon_core.shell:create_environment_hook('aruco_orientation', 'ament_prefix_path')
[0.361s] INFO:colcon.colcon_core.plugin_system:Skipping extension 'colcon_core.shell.bat': Not used on non-Windows systems
[0.361s] INFO:colcon.colcon_core.shell:Creating environment hook '/home/gerardo/ros2_ws/src/aruco_orientation/install/aruco_orientation/share/aruco_orientation/hook/ament_prefix_path.ps1'
[0.361s] INFO:colcon.colcon_core.shell:Creating environment descriptor '/home/gerardo/ros2_ws/src/aruco_orientation/install/aruco_orientation/share/aruco_orientation/hook/ament_prefix_path.dsv'
[0.362s] INFO:colcon.colcon_core.shell:Creating environment hook '/home/gerardo/ros2_ws/src/aruco_orientation/install/aruco_orientation/share/aruco_orientation/hook/ament_prefix_path.sh'
[0.362s] INFO:colcon.colcon_core.shell:Skip shell extension 'powershell' for command environment: Not usable outside of PowerShell
[0.362s] DEBUG:colcon.colcon_core.shell:Skip shell extension 'dsv' for command environment
[0.595s] WARNING:colcon.colcon_ros.task.ament_python.build:Package 'aruco_orientation' doesn't explicitly install a marker in the package index (colcon-ros currently does it implicitly but that fallback will be removed in the future)
[0.596s] WARNING:colcon.colcon_ros.task.ament_python.build:Package 'aruco_orientation' doesn't explicitly install the 'package.xml' file (colcon-ros currently does it implicitly but that fallback will be removed in the future)
[0.596s] INFO:colcon.colcon_core.task.python.build:Building Python package in '/home/gerardo/ros2_ws/src/aruco_orientation'
[0.596s] INFO:colcon.colcon_core.shell:Skip shell extension 'powershell' for command environment: Not usable outside of PowerShell
[0.596s] DEBUG:colcon.colcon_core.shell:Skip shell extension 'dsv' for command environment
[0.958s] DEBUG:colcon.colcon_core.event_handler.log_command:Invoking command in '/home/gerardo/ros2_ws/src/aruco_orientation': PYTHONPATH=/home/gerardo/ros2_ws/src/aruco_orientation/build/aruco_orientation/prefix_override:/usr/lib/python3/dist-packages/colcon_core/task/python/colcon_distutils_commands:/home/gerardo/ros2_ws/src/aruco_orientation/install/aruco_orientation/lib/python3.10/site-packages:${PYTHONPATH} /usr/bin/python3 -W ignore:setup.py install is deprecated setup.py egg_info --egg-base build/aruco_orientation build --build-base /home/gerardo/ros2_ws/src/aruco_orientation/build/aruco_orientation/build install --record /home/gerardo/ros2_ws/src/aruco_orientation/build/aruco_orientation/install.log --single-version-externally-managed
[1.207s] DEBUG:colcon.colcon_core.event_handler.log_command:Invoked command in '/home/gerardo/ros2_ws/src/aruco_orientation' returned '0': PYTHONPATH=/home/gerardo/ros2_ws/src/aruco_orientation/build/aruco_orientation/prefix_override:/usr/lib/python3/dist-packages/colcon_core/task/python/colcon_distutils_commands:/home/gerardo/ros2_ws/src/aruco_orientation/install/aruco_orientation/lib/python3.10/site-packages:${PYTHONPATH} /usr/bin/python3 -W ignore:setup.py install is deprecated setup.py egg_info --egg-base build/aruco_orientation build --build-base /home/gerardo/ros2_ws/src/aruco_orientation/build/aruco_orientation/build install --record /home/gerardo/ros2_ws/src/aruco_orientation/build/aruco_orientation/install.log --single-version-externally-managed
[1.210s] Level 1:colcon.colcon_core.environment:checking '/home/gerardo/ros2_ws/src/aruco_orientation/install/aruco_orientation' for CMake module files
[1.210s] Level 1:colcon.colcon_core.environment:checking '/home/gerardo/ros2_ws/src/aruco_orientation/install/aruco_orientation' for CMake config files
[1.211s] Level 1:colcon.colcon_core.environment:checking '/home/gerardo/ros2_ws/src/aruco_orientation/install/aruco_orientation/lib'
[1.211s] Level 1:colcon.colcon_core.environment:checking '/home/gerardo/ros2_ws/src/aruco_orientation/install/aruco_orientation/bin'
[1.211s] Level 1:colcon.colcon_core.environment:checking '/home/gerardo/ros2_ws/src/aruco_orientation/install/aruco_orientation/lib/pkgconfig/aruco_orientation.pc'
[1.211s] Level 1:colcon.colcon_core.environment:checking '/home/gerardo/ros2_ws/src/aruco_orientation/install/aruco_orientation/lib/python3.10/site-packages'
[1.211s] Level 1:colcon.colcon_core.shell:create_environment_hook('aruco_orientation', 'pythonpath')
[1.211s] INFO:colcon.colcon_core.shell:Creating environment hook '/home/gerardo/ros2_ws/src/aruco_orientation/install/aruco_orientation/share/aruco_orientation/hook/pythonpath.ps1'
[1.212s] INFO:colcon.colcon_core.shell:Creating environment descriptor '/home/gerardo/ros2_ws/src/aruco_orientation/install/aruco_orientation/share/aruco_orientation/hook/pythonpath.dsv'
[1.212s] INFO:colcon.colcon_core.shell:Creating environment hook '/home/gerardo/ros2_ws/src/aruco_orientation/install/aruco_orientation/share/aruco_orientation/hook/pythonpath.sh'
[1.212s] Level 1:colcon.colcon_core.environment:checking '/home/gerardo/ros2_ws/src/aruco_orientation/install/aruco_orientation/bin'
[1.212s] Level 1:colcon.colcon_core.environment:create_environment_scripts_only(aruco_orientation)
[1.212s] INFO:colcon.colcon_core.shell:Creating package script '/home/gerardo/ros2_ws/src/aruco_orientation/install/aruco_orientation/share/aruco_orientation/package.ps1'
[1.213s] INFO:colcon.colcon_core.shell:Creating package descriptor '/home/gerardo/ros2_ws/src/aruco_orientation/install/aruco_orientation/share/aruco_orientation/package.dsv'
[1.213s] INFO:colcon.colcon_core.shell:Creating package script '/home/gerardo/ros2_ws/src/aruco_orientation/install/aruco_orientation/share/aruco_orientation/package.sh'
[1.214s] INFO:colcon.colcon_core.shell:Creating package script '/home/gerardo/ros2_ws/src/aruco_orientation/install/aruco_orientation/share/aruco_orientation/package.bash'
[1.214s] INFO:colcon.colcon_core.shell:Creating package script '/home/gerardo/ros2_ws/src/aruco_orientation/install/aruco_orientation/share/aruco_orientation/package.zsh'
[1.215s] Level 1:colcon.colcon_core.environment:create_file_with_runtime_dependencies(/home/gerardo/ros2_ws/src/aruco_orientation/install/aruco_orientation/share/colcon-core/packages/aruco_orientation)
[1.215s] DEBUG:colcon.colcon_parallel_executor.executor.parallel:closing loop
[1.215s] DEBUG:colcon.colcon_parallel_executor.executor.parallel:loop closed
[1.215s] DEBUG:colcon.colcon_parallel_executor.executor.parallel:run_until_complete finished with '0'
[1.215s] DEBUG:colcon.colcon_core.event_reactor:joining thread
[1.222s] INFO:colcon.colcon_core.plugin_system:Skipping extension 'colcon_notification.desktop_notification.terminal_notifier': Not used on non-Darwin systems
[1.222s] INFO:colcon.colcon_core.plugin_system:Skipping extension 'colcon_notification.desktop_notification.win32': Not used on non-Windows systems
[1.222s] INFO:colcon.colcon_notification.desktop_notification:Sending desktop notification using 'notify2'
[1.233s] DEBUG:colcon.colcon_core.event_reactor:joined thread
[1.234s] INFO:colcon.colcon_core.shell:Creating prefix script '/home/gerardo/ros2_ws/src/aruco_orientation/install/local_setup.ps1'
[1.234s] INFO:colcon.colcon_core.shell:Creating prefix util module '/home/gerardo/ros2_ws/src/aruco_orientation/install/_local_setup_util_ps1.py'
[1.235s] INFO:colcon.colcon_core.shell:Creating prefix chain script '/home/gerardo/ros2_ws/src/aruco_orientation/install/setup.ps1'
[1.236s] INFO:colcon.colcon_core.shell:Creating prefix script '/home/gerardo/ros2_ws/src/aruco_orientation/install/local_setup.sh'
[1.236s] INFO:colcon.colcon_core.shell:Creating prefix util module '/home/gerardo/ros2_ws/src/aruco_orientation/install/_local_setup_util_sh.py'
[1.237s] INFO:colcon.colcon_core.shell:Creating prefix chain script '/home/gerardo/ros2_ws/src/aruco_orientation/install/setup.sh'
[1.238s] INFO:colcon.colcon_core.shell:Creating prefix script '/home/gerardo/ros2_ws/src/aruco_orientation/install/local_setup.bash'
[1.239s] INFO:colcon.colcon_core.shell:Creating prefix chain script '/home/gerardo/ros2_ws/src/aruco_orientation/install/setup.bash'
[1.240s] INFO:colcon.colcon_core.shell:Creating prefix script '/home/gerardo/ros2_ws/src/aruco_orientation/install/local_setup.zsh'
[1.241s] INFO:colcon.colcon_core.shell:Creating prefix chain script '/home/gerardo/ros2_ws/src/aruco_orientation/install/setup.zsh'
