[0.476s] Invoking command in '/home/gerardo/ros2_ws/src/aruco_orientation': PYTHONPATH=/home/gerardo/ros2_ws/src/aruco_orientation/build/aruco_orientation/prefix_override:/usr/lib/python3/dist-packages/colcon_core/task/python/colcon_distutils_commands:/home/gerardo/ros2_ws/src/aruco_orientation/install/aruco_orientation/lib/python3.10/site-packages:${PYTHONPATH} /usr/bin/python3 -W ignore:setup.py install is deprecated setup.py egg_info --egg-base build/aruco_orientation build --build-base /home/gerardo/ros2_ws/src/aruco_orientation/build/aruco_orientation/build install --record /home/gerardo/ros2_ws/src/aruco_orientation/build/aruco_orientation/install.log --single-version-externally-managed
[0.644s] running egg_info
[0.644s] writing build/aruco_orientation/aruco_orientation.egg-info/PKG-INFO
[0.644s] writing dependency_links to build/aruco_orientation/aruco_orientation.egg-info/dependency_links.txt
[0.645s] writing entry points to build/aruco_orientation/aruco_orientation.egg-info/entry_points.txt
[0.645s] writing requirements to build/aruco_orientation/aruco_orientation.egg-info/requires.txt
[0.645s] writing top-level names to build/aruco_orientation/aruco_orientation.egg-info/top_level.txt
[0.646s] reading manifest file 'build/aruco_orientation/aruco_orientation.egg-info/SOURCES.txt'
[0.647s] writing manifest file 'build/aruco_orientation/aruco_orientation.egg-info/SOURCES.txt'
[0.647s] running build
[0.647s] running build_py
[0.647s] copying aruco_orientation/odom_node.py -> /home/gerardo/ros2_ws/src/aruco_orientation/build/aruco_orientation/build/lib/aruco_orientation
[0.647s] running install
[0.647s] running install_lib
[0.648s] copying /home/gerardo/ros2_ws/src/aruco_orientation/build/aruco_orientation/build/lib/aruco_orientation/odom_node.py -> /home/gerardo/ros2_ws/src/aruco_orientation/install/aruco_orientation/lib/python3.10/site-packages/aruco_orientation
[0.648s] byte-compiling /home/gerardo/ros2_ws/src/aruco_orientation/install/aruco_orientation/lib/python3.10/site-packages/aruco_orientation/odom_node.py to odom_node.cpython-310.pyc
[0.650s] running install_egg_info
[0.651s] removing '/home/gerardo/ros2_ws/src/aruco_orientation/install/aruco_orientation/lib/python3.10/site-packages/aruco_orientation-0.0.0-py3.10.egg-info' (and everything under it)
[0.651s] Copying build/aruco_orientation/aruco_orientation.egg-info to /home/gerardo/ros2_ws/src/aruco_orientation/install/aruco_orientation/lib/python3.10/site-packages/aruco_orientation-0.0.0-py3.10.egg-info
[0.651s] running install_scripts
[0.666s] Installing odom_node script to /home/gerardo/ros2_ws/src/aruco_orientation/install/aruco_orientation/lib/aruco_orientation
[0.666s] writing list of installed files to '/home/gerardo/ros2_ws/src/aruco_orientation/build/aruco_orientation/install.log'
[0.680s] Invoked command in '/home/gerardo/ros2_ws/src/aruco_orientation' returned '0': PYTHONPATH=/home/gerardo/ros2_ws/src/aruco_orientation/build/aruco_orientation/prefix_override:/usr/lib/python3/dist-packages/colcon_core/task/python/colcon_distutils_commands:/home/gerardo/ros2_ws/src/aruco_orientation/install/aruco_orientation/lib/python3.10/site-packages:${PYTHONPATH} /usr/bin/python3 -W ignore:setup.py install is deprecated setup.py egg_info --egg-base build/aruco_orientation build --build-base /home/gerardo/ros2_ws/src/aruco_orientation/build/aruco_orientation/build install --record /home/gerardo/ros2_ws/src/aruco_orientation/build/aruco_orientation/install.log --single-version-externally-managed
