[0.095s] DEBUG:colcon:Command line arguments: ['/usr/bin/colcon', 'build']
[0.095s] DEBUG:colcon:Parsed command line arguments: Namespace(log_base=None, log_level=None, verb_name='build', build_base='build', install_base='install', merge_install=False, symlink_install=False, test_result_base=None, continue_on_error=False, executor='parallel', parallel_workers=16, event_handlers=None, ignore_user_meta=False, metas=['./colcon.meta'], base_paths=['.'], packages_ignore=None, packages_ignore_regex=None, paths=None, packages_up_to=None, packages_up_to_regex=None, packages_above=None, packages_above_and_dependencies=None, packages_above_depth=None, packages_select_by_dep=None, packages_skip_by_dep=None, packages_skip_up_to=None, packages_select_build_failed=False, packages_skip_build_finished=False, packages_select_test_failures=False, packages_skip_test_passed=False, packages_select=None, packages_skip=None, packages_select_regex=None, packages_skip_regex=None, packages_start=None, packages_end=None, allow_overriding=[], cmake_args=None, cmake_target=None, cmake_target_skip_unavailable=False, cmake_clean_cache=False, cmake_clean_first=False, cmake_force_configure=False, ament_cmake_args=None, catkin_cmake_args=None, catkin_skip_building_tests=False, verb_parser=<colcon_defaults.argument_parser.defaults.DefaultArgumentsDecorator object at 0x736d58561b10>, verb_extension=<colcon_core.verb.build.BuildVerb object at 0x736d585634c0>, main=<bound method BuildVerb.main of <colcon_core.verb.build.BuildVerb object at 0x736d585634c0>>)
[0.205s] Level 1:colcon.colcon_core.package_discovery:discover_packages(colcon_meta) check parameters
[0.205s] Level 1:colcon.colcon_core.package_discovery:discover_packages(recursive) check parameters
[0.205s] Level 1:colcon.colcon_core.package_discovery:discover_packages(ignore) check parameters
[0.205s] Level 1:colcon.colcon_core.package_discovery:discover_packages(path) check parameters
[0.205s] Level 1:colcon.colcon_core.package_discovery:discover_packages(colcon_meta) discover
[0.205s] Level 1:colcon.colcon_core.package_discovery:discover_packages(recursive) discover
[0.205s] INFO:colcon.colcon_core.package_discovery:Crawling recursively for packages in '/home/gerardo/ros2_ws/src'
[0.205s] Level 1:colcon.colcon_core.package_identification:_identify(.) by extensions ['ignore', 'ignore_ament_install']
[0.205s] Level 1:colcon.colcon_core.package_identification:_identify(.) by extension 'ignore'
[0.205s] Level 1:colcon.colcon_core.package_identification:_identify(.) by extension 'ignore_ament_install'
[0.205s] Level 1:colcon.colcon_core.package_identification:_identify(.) by extensions ['colcon_pkg']
[0.205s] Level 1:colcon.colcon_core.package_identification:_identify(.) by extension 'colcon_pkg'
[0.205s] Level 1:colcon.colcon_core.package_identification:_identify(.) by extensions ['colcon_meta']
[0.205s] Level 1:colcon.colcon_core.package_identification:_identify(.) by extension 'colcon_meta'
[0.205s] Level 1:colcon.colcon_core.package_identification:_identify(.) by extensions ['ros']
[0.205s] Level 1:colcon.colcon_core.package_identification:_identify(.) by extension 'ros'
[0.216s] Level 1:colcon.colcon_core.package_identification:_identify(.) by extensions ['cmake', 'python']
[0.216s] Level 1:colcon.colcon_core.package_identification:_identify(.) by extension 'cmake'
[0.216s] Level 1:colcon.colcon_core.package_identification:_identify(.) by extension 'python'
[0.216s] Level 1:colcon.colcon_core.package_identification:_identify(.) by extensions ['python_setup_py']
[0.216s] Level 1:colcon.colcon_core.package_identification:_identify(.) by extension 'python_setup_py'
[0.216s] Level 1:colcon.colcon_core.package_identification:_identify(aruco_orientation) by extensions ['ignore', 'ignore_ament_install']
[0.216s] Level 1:colcon.colcon_core.package_identification:_identify(aruco_orientation) by extension 'ignore'
[0.216s] Level 1:colcon.colcon_core.package_identification:_identify(aruco_orientation) by extension 'ignore_ament_install'
[0.216s] Level 1:colcon.colcon_core.package_identification:_identify(aruco_orientation) by extensions ['colcon_pkg']
[0.216s] Level 1:colcon.colcon_core.package_identification:_identify(aruco_orientation) by extension 'colcon_pkg'
[0.216s] Level 1:colcon.colcon_core.package_identification:_identify(aruco_orientation) by extensions ['colcon_meta']
[0.216s] Level 1:colcon.colcon_core.package_identification:_identify(aruco_orientation) by extension 'colcon_meta'
[0.216s] Level 1:colcon.colcon_core.package_identification:_identify(aruco_orientation) by extensions ['ros']
[0.216s] Level 1:colcon.colcon_core.package_identification:_identify(aruco_orientation) by extension 'ros'
[0.218s] DEBUG:colcon.colcon_core.package_identification:Package 'aruco_orientation' with type 'ros.ament_python' and name 'aruco_orientation'
[0.218s] Level 1:colcon.colcon_core.package_identification:_identify(build) by extensions ['ignore', 'ignore_ament_install']
[0.218s] Level 1:colcon.colcon_core.package_identification:_identify(build) by extension 'ignore'
[0.218s] Level 1:colcon.colcon_core.package_identification:_identify(build) ignored
[0.218s] Level 1:colcon.colcon_core.package_identification:_identify(install) by extensions ['ignore', 'ignore_ament_install']
[0.218s] Level 1:colcon.colcon_core.package_identification:_identify(install) by extension 'ignore'
[0.218s] Level 1:colcon.colcon_core.package_identification:_identify(install) ignored
[0.218s] Level 1:colcon.colcon_core.package_identification:_identify(log) by extensions ['ignore', 'ignore_ament_install']
[0.218s] Level 1:colcon.colcon_core.package_identification:_identify(log) by extension 'ignore'
[0.218s] Level 1:colcon.colcon_core.package_identification:_identify(log) ignored
[0.218s] Level 1:colcon.colcon_core.package_discovery:discover_packages(recursive) using defaults
[0.218s] Level 1:colcon.colcon_core.package_discovery:discover_packages(ignore) discover
[0.218s] Level 1:colcon.colcon_core.package_discovery:discover_packages(ignore) using defaults
[0.218s] Level 1:colcon.colcon_core.package_discovery:discover_packages(path) discover
[0.218s] Level 1:colcon.colcon_core.package_discovery:discover_packages(path) using defaults
[0.237s] Level 1:colcon.colcon_core.package_discovery:discover_packages(prefix_path) check parameters
[0.237s] Level 1:colcon.colcon_core.package_discovery:discover_packages(prefix_path) discover
[0.239s] DEBUG:colcon.colcon_installed_package_information.package_discovery:Found 1 installed packages in /home/gerardo/ros2_ws/install
[0.240s] DEBUG:colcon.colcon_installed_package_information.package_discovery:Found 376 installed packages in /opt/ros/humble
[0.241s] Level 1:colcon.colcon_core.package_discovery:discover_packages(prefix_path) using defaults
[0.267s] Level 5:colcon.colcon_core.verb:set package 'aruco_orientation' build argument 'cmake_args' from command line to 'None'
[0.267s] Level 5:colcon.colcon_core.verb:set package 'aruco_orientation' build argument 'cmake_target' from command line to 'None'
[0.267s] Level 5:colcon.colcon_core.verb:set package 'aruco_orientation' build argument 'cmake_target_skip_unavailable' from command line to 'False'
[0.267s] Level 5:colcon.colcon_core.verb:set package 'aruco_orientation' build argument 'cmake_clean_cache' from command line to 'False'
[0.267s] Level 5:colcon.colcon_core.verb:set package 'aruco_orientation' build argument 'cmake_clean_first' from command line to 'False'
[0.267s] Level 5:colcon.colcon_core.verb:set package 'aruco_orientation' build argument 'cmake_force_configure' from command line to 'False'
[0.267s] Level 5:colcon.colcon_core.verb:set package 'aruco_orientation' build argument 'ament_cmake_args' from command line to 'None'
[0.267s] Level 5:colcon.colcon_core.verb:set package 'aruco_orientation' build argument 'catkin_cmake_args' from command line to 'None'
[0.267s] Level 5:colcon.colcon_core.verb:set package 'aruco_orientation' build argument 'catkin_skip_building_tests' from command line to 'False'
[0.267s] DEBUG:colcon.colcon_core.verb:Building package 'aruco_orientation' with the following arguments: {'ament_cmake_args': None, 'build_base': '/home/gerardo/ros2_ws/src/build/aruco_orientation', 'catkin_cmake_args': None, 'catkin_skip_building_tests': False, 'cmake_args': None, 'cmake_clean_cache': False, 'cmake_clean_first': False, 'cmake_force_configure': False, 'cmake_target': None, 'cmake_target_skip_unavailable': False, 'install_base': '/home/gerardo/ros2_ws/src/install/aruco_orientation', 'merge_install': False, 'path': '/home/gerardo/ros2_ws/src/aruco_orientation', 'symlink_install': False, 'test_result_base': None}
[0.267s] INFO:colcon.colcon_core.executor:Executing jobs using 'parallel' executor
[0.267s] DEBUG:colcon.colcon_parallel_executor.executor.parallel:run_until_complete
[0.268s] INFO:colcon.colcon_ros.task.ament_python.build:Building ROS package in '/home/gerardo/ros2_ws/src/aruco_orientation' with build type 'ament_python'
[0.268s] Level 1:colcon.colcon_core.shell:create_environment_hook('aruco_orientation', 'ament_prefix_path')
[0.271s] INFO:colcon.colcon_core.plugin_system:Skipping extension 'colcon_core.shell.bat': Not used on non-Windows systems
[0.271s] INFO:colcon.colcon_core.shell:Creating environment hook '/home/gerardo/ros2_ws/src/install/aruco_orientation/share/aruco_orientation/hook/ament_prefix_path.ps1'
[0.271s] INFO:colcon.colcon_core.shell:Creating environment descriptor '/home/gerardo/ros2_ws/src/install/aruco_orientation/share/aruco_orientation/hook/ament_prefix_path.dsv'
[0.271s] INFO:colcon.colcon_core.shell:Creating environment hook '/home/gerardo/ros2_ws/src/install/aruco_orientation/share/aruco_orientation/hook/ament_prefix_path.sh'
[0.272s] INFO:colcon.colcon_core.shell:Skip shell extension 'powershell' for command environment: Not usable outside of PowerShell
[0.272s] DEBUG:colcon.colcon_core.shell:Skip shell extension 'dsv' for command environment
[0.435s] WARNING:colcon.colcon_ros.task.ament_python.build:Package 'aruco_orientation' doesn't explicitly install a marker in the package index (colcon-ros currently does it implicitly but that fallback will be removed in the future)
[0.435s] WARNING:colcon.colcon_ros.task.ament_python.build:Package 'aruco_orientation' doesn't explicitly install the 'package.xml' file (colcon-ros currently does it implicitly but that fallback will be removed in the future)
[0.435s] INFO:colcon.colcon_core.task.python.build:Building Python package in '/home/gerardo/ros2_ws/src/aruco_orientation'
[0.435s] INFO:colcon.colcon_core.shell:Skip shell extension 'powershell' for command environment: Not usable outside of PowerShell
[0.435s] DEBUG:colcon.colcon_core.shell:Skip shell extension 'dsv' for command environment
[0.687s] DEBUG:colcon.colcon_core.event_handler.log_command:Invoking command in '/home/gerardo/ros2_ws/src/aruco_orientation': PYTHONPATH=/home/gerardo/ros2_ws/src/build/aruco_orientation/prefix_override:/usr/lib/python3/dist-packages/colcon_core/task/python/colcon_distutils_commands:/home/gerardo/ros2_ws/src/install/aruco_orientation/lib/python3.10/site-packages:${PYTHONPATH} /usr/bin/python3 -W ignore:setup.py install is deprecated setup.py egg_info --egg-base ../build/aruco_orientation build --build-base /home/gerardo/ros2_ws/src/build/aruco_orientation/build install --record /home/gerardo/ros2_ws/src/build/aruco_orientation/install.log --single-version-externally-managed
[0.879s] DEBUG:colcon.colcon_core.event_handler.log_command:Invoked command in '/home/gerardo/ros2_ws/src/aruco_orientation' returned '0': PYTHONPATH=/home/gerardo/ros2_ws/src/build/aruco_orientation/prefix_override:/usr/lib/python3/dist-packages/colcon_core/task/python/colcon_distutils_commands:/home/gerardo/ros2_ws/src/install/aruco_orientation/lib/python3.10/site-packages:${PYTHONPATH} /usr/bin/python3 -W ignore:setup.py install is deprecated setup.py egg_info --egg-base ../build/aruco_orientation build --build-base /home/gerardo/ros2_ws/src/build/aruco_orientation/build install --record /home/gerardo/ros2_ws/src/build/aruco_orientation/install.log --single-version-externally-managed
[0.881s] Level 1:colcon.colcon_core.environment:checking '/home/gerardo/ros2_ws/src/install/aruco_orientation' for CMake module files
[0.882s] Level 1:colcon.colcon_core.environment:checking '/home/gerardo/ros2_ws/src/install/aruco_orientation' for CMake config files
[0.882s] Level 1:colcon.colcon_core.environment:checking '/home/gerardo/ros2_ws/src/install/aruco_orientation/lib'
[0.882s] Level 1:colcon.colcon_core.environment:checking '/home/gerardo/ros2_ws/src/install/aruco_orientation/bin'
[0.882s] Level 1:colcon.colcon_core.environment:checking '/home/gerardo/ros2_ws/src/install/aruco_orientation/lib/pkgconfig/aruco_orientation.pc'
[0.883s] Level 1:colcon.colcon_core.environment:checking '/home/gerardo/ros2_ws/src/install/aruco_orientation/lib/python3.10/site-packages'
[0.883s] Level 1:colcon.colcon_core.shell:create_environment_hook('aruco_orientation', 'pythonpath')
[0.883s] INFO:colcon.colcon_core.shell:Creating environment hook '/home/gerardo/ros2_ws/src/install/aruco_orientation/share/aruco_orientation/hook/pythonpath.ps1'
[0.883s] INFO:colcon.colcon_core.shell:Creating environment descriptor '/home/gerardo/ros2_ws/src/install/aruco_orientation/share/aruco_orientation/hook/pythonpath.dsv'
[0.883s] INFO:colcon.colcon_core.shell:Creating environment hook '/home/gerardo/ros2_ws/src/install/aruco_orientation/share/aruco_orientation/hook/pythonpath.sh'
[0.883s] Level 1:colcon.colcon_core.environment:checking '/home/gerardo/ros2_ws/src/install/aruco_orientation/bin'
[0.884s] Level 1:colcon.colcon_core.environment:create_environment_scripts_only(aruco_orientation)
[0.884s] INFO:colcon.colcon_core.shell:Creating package script '/home/gerardo/ros2_ws/src/install/aruco_orientation/share/aruco_orientation/package.ps1'
[0.884s] INFO:colcon.colcon_core.shell:Creating package descriptor '/home/gerardo/ros2_ws/src/install/aruco_orientation/share/aruco_orientation/package.dsv'
[0.884s] INFO:colcon.colcon_core.shell:Creating package script '/home/gerardo/ros2_ws/src/install/aruco_orientation/share/aruco_orientation/package.sh'
[0.885s] INFO:colcon.colcon_core.shell:Creating package script '/home/gerardo/ros2_ws/src/install/aruco_orientation/share/aruco_orientation/package.bash'
[0.885s] INFO:colcon.colcon_core.shell:Creating package script '/home/gerardo/ros2_ws/src/install/aruco_orientation/share/aruco_orientation/package.zsh'
[0.885s] Level 1:colcon.colcon_core.environment:create_file_with_runtime_dependencies(/home/gerardo/ros2_ws/src/install/aruco_orientation/share/colcon-core/packages/aruco_orientation)
[0.886s] DEBUG:colcon.colcon_parallel_executor.executor.parallel:closing loop
[0.886s] DEBUG:colcon.colcon_parallel_executor.executor.parallel:loop closed
[0.886s] DEBUG:colcon.colcon_parallel_executor.executor.parallel:run_until_complete finished with '0'
[0.886s] DEBUG:colcon.colcon_core.event_reactor:joining thread
[0.893s] INFO:colcon.colcon_core.plugin_system:Skipping extension 'colcon_notification.desktop_notification.terminal_notifier': Not used on non-Darwin systems
[0.893s] INFO:colcon.colcon_core.plugin_system:Skipping extension 'colcon_notification.desktop_notification.win32': Not used on non-Windows systems
[0.893s] INFO:colcon.colcon_notification.desktop_notification:Sending desktop notification using 'notify2'
[0.902s] DEBUG:colcon.colcon_core.event_reactor:joined thread
[0.902s] INFO:colcon.colcon_core.shell:Creating prefix script '/home/gerardo/ros2_ws/src/install/local_setup.ps1'
[0.903s] INFO:colcon.colcon_core.shell:Creating prefix util module '/home/gerardo/ros2_ws/src/install/_local_setup_util_ps1.py'
[0.903s] INFO:colcon.colcon_core.shell:Creating prefix chain script '/home/gerardo/ros2_ws/src/install/setup.ps1'
[0.904s] INFO:colcon.colcon_core.shell:Creating prefix script '/home/gerardo/ros2_ws/src/install/local_setup.sh'
[0.904s] INFO:colcon.colcon_core.shell:Creating prefix util module '/home/gerardo/ros2_ws/src/install/_local_setup_util_sh.py'
[0.904s] INFO:colcon.colcon_core.shell:Creating prefix chain script '/home/gerardo/ros2_ws/src/install/setup.sh'
[0.905s] INFO:colcon.colcon_core.shell:Creating prefix script '/home/gerardo/ros2_ws/src/install/local_setup.bash'
[0.905s] INFO:colcon.colcon_core.shell:Creating prefix chain script '/home/gerardo/ros2_ws/src/install/setup.bash'
[0.906s] INFO:colcon.colcon_core.shell:Creating prefix script '/home/gerardo/ros2_ws/src/install/local_setup.zsh'
[0.906s] INFO:colcon.colcon_core.shell:Creating prefix chain script '/home/gerardo/ros2_ws/src/install/setup.zsh'
