[0.440s] Invoking command in '/home/gerardo/ros2_ws/src/aruco_orientation': PYTHONPATH=/home/gerardo/ros2_ws/build/aruco_orientation/prefix_override:/usr/lib/python3/dist-packages/colcon_core/task/python/colcon_distutils_commands:/home/gerardo/ros2_ws/install/aruco_orientation/lib/python3.10/site-packages:${PYTHONPATH} /usr/bin/python3 -W ignore:setup.py install is deprecated setup.py egg_info --egg-base ../../build/aruco_orientation build --build-base /home/gerardo/ros2_ws/build/aruco_orientation/build install --record /home/gerardo/ros2_ws/build/aruco_orientation/install.log --single-version-externally-managed
[0.597s] running egg_info
[0.597s] writing ../../build/aruco_orientation/aruco_orientation.egg-info/PKG-INFO
[0.597s] writing dependency_links to ../../build/aruco_orientation/aruco_orientation.egg-info/dependency_links.txt
[0.598s] writing entry points to ../../build/aruco_orientation/aruco_orientation.egg-info/entry_points.txt
[0.598s] writing requirements to ../../build/aruco_orientation/aruco_orientation.egg-info/requires.txt
[0.598s] writing top-level names to ../../build/aruco_orientation/aruco_orientation.egg-info/top_level.txt
[0.599s] reading manifest file '../../build/aruco_orientation/aruco_orientation.egg-info/SOURCES.txt'
[0.600s] writing manifest file '../../build/aruco_orientation/aruco_orientation.egg-info/SOURCES.txt'
[0.600s] running build
[0.600s] running build_py
[0.600s] copying aruco_orientation/odom_node.py -> /home/gerardo/ros2_ws/build/aruco_orientation/build/lib/aruco_orientation
[0.600s] running install
[0.600s] running install_lib
[0.601s] copying /home/gerardo/ros2_ws/build/aruco_orientation/build/lib/aruco_orientation/odom_node.py -> /home/gerardo/ros2_ws/install/aruco_orientation/lib/python3.10/site-packages/aruco_orientation
[0.601s] byte-compiling /home/gerardo/ros2_ws/install/aruco_orientation/lib/python3.10/site-packages/aruco_orientation/odom_node.py to odom_node.cpython-310.pyc
[0.602s] running install_egg_info
[0.603s] removing '/home/gerardo/ros2_ws/install/aruco_orientation/lib/python3.10/site-packages/aruco_orientation-0.0.0-py3.10.egg-info' (and everything under it)
[0.603s] Copying ../../build/aruco_orientation/aruco_orientation.egg-info to /home/gerardo/ros2_ws/install/aruco_orientation/lib/python3.10/site-packages/aruco_orientation-0.0.0-py3.10.egg-info
[0.603s] running install_scripts
[0.616s] Installing odom_node script to /home/gerardo/ros2_ws/install/aruco_orientation/lib/aruco_orientation
[0.616s] writing list of installed files to '/home/gerardo/ros2_ws/build/aruco_orientation/install.log'
[0.630s] Invoked command in '/home/gerardo/ros2_ws/src/aruco_orientation' returned '0': PYTHONPATH=/home/gerardo/ros2_ws/build/aruco_orientation/prefix_override:/usr/lib/python3/dist-packages/colcon_core/task/python/colcon_distutils_commands:/home/gerardo/ros2_ws/install/aruco_orientation/lib/python3.10/site-packages:${PYTHONPATH} /usr/bin/python3 -W ignore:setup.py install is deprecated setup.py egg_info --egg-base ../../build/aruco_orientation build --build-base /home/gerardo/ros2_ws/build/aruco_orientation/build install --record /home/gerardo/ros2_ws/build/aruco_orientation/install.log --single-version-externally-managed
